<?xml version="1.0" encoding="UTF-8"?>
<testng-results ignored="0" total="1" passed="1" failed="0" skipped="0">
  <reporter-output>
  </reporter-output>
  <suite started-at="2025-04-03T20:32:27 BST" name="Surefire suite" finished-at="2025-04-03T20:32:43 BST" duration-ms="15636">
    <groups>
      <group name="cucumber">
        <method signature="AbstractTestNGCucumberTests.runScenario(io.cucumber.testng.PickleWrapper,io.cucumber.testng.FeatureWrapper)[pri:0, instance:runners.TestRunner@4c60d6e9]" name="runScenario" class="io.cucumber.testng.AbstractTestNGCucumberTests"/>
      </group> <!-- cucumber -->
    </groups>
    <test started-at="2025-04-03T20:32:27 BST" name="Surefire test" finished-at="2025-04-03T20:32:43 BST" duration-ms="15636">
      <class name="runners.TestRunner">
        <test-method is-config="true" signature="setUpClass(org.testng.ITestContext)[pri:0, instance:runners.TestRunner@4c60d6e9]" started-at="2025-04-03T20:32:27 BST" name="setUpClass" finished-at="2025-04-03T20:32:28 BST" duration-ms="476" status="PASS">
          <params>
            <param index="0">
              <value>
                <![CDATA[org.testng.TestRunner@7a360554]]>
              </value>
            </param>
          </params>
          <reporter-output>
          </reporter-output>
        </test-method> <!-- setUpClass -->
        <test-method signature="runScenario(io.cucumber.testng.PickleWrapper,io.cucumber.testng.FeatureWrapper)[pri:0, instance:runners.TestRunner@4c60d6e9]" started-at="2025-04-03T20:32:28 BST" name="runScenario" description="Runs Cucumber Scenarios" data-provider="scenarios" finished-at="2025-04-03T20:32:43 BST" duration-ms="15080" status="PASS">
          <params>
            <param index="0">
              <value>
                <![CDATA["User adds the highest price item to cart"]]>
              </value>
            </param>
            <param index="1">
              <value>
                <![CDATA["Login and add highest priced item to cart"]]>
              </value>
            </param>
          </params>
          <reporter-output>
          </reporter-output>
        </test-method> <!-- runScenario -->
        <test-method is-config="true" signature="tearDownClass()[pri:0, instance:runners.TestRunner@4c60d6e9]" started-at="2025-04-03T20:32:43 BST" name="tearDownClass" finished-at="2025-04-03T20:32:43 BST" duration-ms="31" status="PASS">
          <reporter-output>
          </reporter-output>
        </test-method> <!-- tearDownClass -->
      </class> <!-- runners.TestRunner -->
    </test> <!-- Surefire test -->
  </suite> <!-- Surefire suite -->
</testng-results>
