<?xml version="1.0" encoding="UTF-8"?>
<testsuite xmlns:xsi="http://www.w3.org/2001/XMLSchema-instance" xsi:noNamespaceSchemaLocation="https://maven.apache.org/surefire/maven-surefire-plugin/xsd/surefire-test-report-3.0.xsd" version="3.0" name="runners.TestRunner" time="16.208" tests="1" errors="0" skipped="0" failures="0">
  <properties>
[...]
</properties>
  <testcase name="runScenario[&quot;User adds the highest price item to cart&quot;, &quot;Login and add highest priced item to cart&quot;](1)" classname="runners.TestRunner" time="15.085">
    <system-out><![CDATA[
Scenario Outline: User adds the highest price item to cart                    &amp#27;[90m# src/test/resources/features/login.feature:11&amp#27;[0m
  &amp#27;[32mGiven &amp#27;[0m&amp#27;[32mUser navigates to SauceDemo login page&amp#27;[0m                                &amp#27;[90m# stepDefinitions.StepDefinitions.navigateToLoginPage()&amp#27;[0m
  &amp#27;[32mWhen &amp#27;[0m&amp#27;[32mUser logs in with username &amp#27;[0m&amp#27;[32m&amp#27;[1m"standard_user"&amp#27;[0m&amp#27;[32m and password &amp#27;[0m&amp#27;[32m&amp#27;[1m"secret_sauce"&amp#27;[0m &amp#27;[90m# stepDefinitions.StepDefinitions.login(java.lang.String,java.lang.String)&amp#27;[0m
selectedItemName : Sauce Labs Fleece Jacket
selectedItemPrice : $49.99
Adding highest-priced item: Sauce Labs Fleece Jacket ($49.99)
  &amp#27;[32mAnd &amp#27;[0m&amp#27;[32mUser selects the highest price item&amp#27;[0m                                     &amp#27;[90m# stepDefinitions.StepDefinitions.selectHighestPriceItem()&amp#27;[0m
 The highest-priced item 'Sauce Labs Fleece Jacket' ($49.99) was successfully added to the cart!
  &amp#27;[32mThen &amp#27;[0m&amp#27;[32mThe item should be added to the cart successfully&amp#27;[0m                      &amp#27;[90m# stepDefinitions.StepDefinitions.verifyItemAdded()&amp#27;[0m
]]></system-out>
  </testcase>
</testsuite>